<?xml version="1.0" encoding="UTF-8"?>
<!-- Generated by org.testng.reporters.JUnitReportReporter -->
<testsuite hostname="DESKTOP-LQINDAJ" failures="0" tests="2" name="runner.TestRunner" time="22.221" errors="0" timestamp="2024-01-11T17:23:08 PST" skipped="0">
  <testcase classname="runner.TestRunner" name="runScenario" time="11.351"/>
  <testcase classname="runner.TestRunner" name="runScenario" time="10.870"/>
</testsuite> <!-- runner.TestRunner -->
